1562060858171	mozrunner::runner	INFO	Running command: "/usr/bin/firefox" "-marionette" "-headless" "-foreground" "-no-remote" "-profile" "/tmp/rust_mozprofile.yVq7qJrm8rQy"
*** You are running in headless mode.
1562060858555	addons.webextension.screenshots@mozilla.org	WARN	Loading extension 'screenshots@mozilla.org': Reading manifest: Invalid extension permission: mozillaAddons
1562060858555	addons.webextension.screenshots@mozilla.org	WARN	Loading extension 'screenshots@mozilla.org': Reading manifest: Invalid extension permission: resource://pdf.js/
1562060858555	addons.webextension.screenshots@mozilla.org	WARN	Loading extension 'screenshots@mozilla.org': Reading manifest: Invalid extension permission: about:reader*
1562060859926	Marionette	INFO	Listening on port 38796
1562060859978	Marionette	WARN	TLS certificate errors will be ignored for this session

(/usr/lib/firefox/firefox:9535): dconf-WARNING **: Unable to open /var/lib/snapd/desktop/dconf/profile/user: Permission denied
console.error: BroadcastService: 
  receivedBroadcastMessage: handler for
  remote-settings/monitor_changes
  threw error:
  Message: Error: Polling for changes failed: http://%(server)s/dummy/blocklist//buckets/monitor/collections/changes/records?_expected=%221562023808306%22 is not a valid URL..
  Stack:
    remoteSettingsFunction/remoteSettings.pollChanges@resource://services-settings/remote-settings.js:203:13

JavaScript error: https://asset.barrons.com/bar/assets/webpack4/7a41bf5e-a65e-48fb-b0ae-69mwe2f6420db.ff19633004f5a56f8592.js, line 51: TypeError: f is null
JavaScript warning: https://z.moatads.com/dowjones8650224/moatad.js#moatClientLevel1=21603626&moatClientLevel2=2183306066&moatClientLevel3=4921917102&moatClientLevel4=138273628870&moatClientSlicer1=50396786&moatClientSlicer2=305529746&refresh=1, line 223: Error: WebGL warning: getContext: Disallowing antialiased backbuffers due to blacklisting.
JavaScript warning: https://z.moatads.com/dowjones8650224/moatad.js#moatClientLevel1=21603626&moatClientLevel2=2183306066&moatClientLevel3=4921917102&moatClientLevel4=138273628870&moatClientSlicer1=50396786&moatClientSlicer2=305529746&refresh=1, line 223: Error: WebGL warning: <SetDimensions>: Can't use WebGL in headless mode (https://bugzil.la/1375585).
JavaScript warning: https://z.moatads.com/dowjones8650224/moatad.js#moatClientLevel1=21603626&moatClientLevel2=2183306066&moatClientLevel3=4921917102&moatClientLevel4=138273628870&moatClientSlicer1=50396786&moatClientSlicer2=305529746&refresh=1, line 223: Error: WebGL warning: <SetDimensions>: Failed to create WebGL context: WebGL creation failed: 
* Can't use WebGL in headless mode (https://bugzil.la/1375585).
JavaScript warning: https://z.moatads.com/dowjones8650224/moatad.js#moatClientLevel1=21603626&moatClientLevel2=2183306066&moatClientLevel3=4921917102&moatClientLevel4=138273628870&moatClientSlicer1=50396786&moatClientSlicer2=305529746&refresh=1, line 223: Error: WebGL warning: getContext: Disallowing antialiased backbuffers due to blacklisting.
JavaScript warning: https://z.moatads.com/dowjones8650224/moatad.js#moatClientLevel1=21603626&moatClientLevel2=2183306066&moatClientLevel3=4921917102&moatClientLevel4=138273628870&moatClientSlicer1=50396786&moatClientSlicer2=305529746&refresh=1, line 223: Error: WebGL warning: <SetDimensions>: Can't use WebGL in headless mode (https://bugzil.la/1375585).
JavaScript warning: https://z.moatads.com/dowjones8650224/moatad.js#moatClientLevel1=21603626&moatClientLevel2=2183306066&moatClientLevel3=4921917102&moatClientLevel4=138273628870&moatClientSlicer1=50396786&moatClientSlicer2=305529746&refresh=1, line 223: Error: WebGL warning: <SetDimensions>: Failed to create WebGL context: WebGL creation failed: 
* Can't use WebGL in headless mode (https://bugzil.la/1375585).
JavaScript warning: https://z.moatads.com/dowjones8650224/moatad.js#moatClientLevel1=21603626&moatClientLevel2=2532918146&moatClientLevel3=5086825131&moatClientLevel4=138272738525&moatClientSlicer1=50396786&moatClientSlicer2=305529746&refresh=1, line 223: Error: WebGL warning: getContext: Disallowing antialiased backbuffers due to blacklisting.
JavaScript warning: https://z.moatads.com/dowjones8650224/moatad.js#moatClientLevel1=21603626&moatClientLevel2=2532918146&moatClientLevel3=5086825131&moatClientLevel4=138272738525&moatClientSlicer1=50396786&moatClientSlicer2=305529746&refresh=1, line 223: Error: WebGL warning: <SetDimensions>: Can't use WebGL in headless mode (https://bugzil.la/1375585).
JavaScript warning: https://z.moatads.com/dowjones8650224/moatad.js#moatClientLevel1=21603626&moatClientLevel2=2532918146&moatClientLevel3=5086825131&moatClientLevel4=138272738525&moatClientSlicer1=50396786&moatClientSlicer2=305529746&refresh=1, line 223: Error: WebGL warning: <SetDimensions>: Failed to create WebGL context: WebGL creation failed: 
* Can't use WebGL in headless mode (https://bugzil.la/1375585).
JavaScript warning: https://z.moatads.com/dowjones8650224/moatad.js#moatClientLevel1=21603626&moatClientLevel2=2532918146&moatClientLevel3=5086825131&moatClientLevel4=138272738525&moatClientSlicer1=50396786&moatClientSlicer2=305529746&refresh=1, line 223: Error: WebGL warning: getContext: Disallowing antialiased backbuffers due to blacklisting.
JavaScript warning: https://z.moatads.com/dowjones8650224/moatad.js#moatClientLevel1=21603626&moatClientLevel2=2532918146&moatClientLevel3=5086825131&moatClientLevel4=138272738525&moatClientSlicer1=50396786&moatClientSlicer2=305529746&refresh=1, line 223: Error: WebGL warning: <SetDimensions>: Can't use WebGL in headless mode (https://bugzil.la/1375585).
JavaScript warning: https://z.moatads.com/dowjones8650224/moatad.js#moatClientLevel1=21603626&moatClientLevel2=2532918146&moatClientLevel3=5086825131&moatClientLevel4=138272738525&moatClientSlicer1=50396786&moatClientSlicer2=305529746&refresh=1, line 223: Error: WebGL warning: <SetDimensions>: Failed to create WebGL context: WebGL creation failed: 
* Can't use WebGL in headless mode (https://bugzil.la/1375585).
1562060947560	Marionette	INFO	Stopped listening on port 38796
1572857888463	mozrunner::runner	INFO	Running command: "/usr/bin/firefox" "-marionette" "-headless" "-foreground" "-no-remote" "-profile" "/tmp/rust_mozprofile.BiMGc3KO0z56"
*** You are running in headless mode.
1572857889742	addons.webextension.screenshots@mozilla.org	WARN	Loading extension 'screenshots@mozilla.org': Reading manifest: Invalid extension permission: mozillaAddons
1572857889743	addons.webextension.screenshots@mozilla.org	WARN	Loading extension 'screenshots@mozilla.org': Reading manifest: Invalid extension permission: telemetry
1572857889743	addons.webextension.screenshots@mozilla.org	WARN	Loading extension 'screenshots@mozilla.org': Reading manifest: Invalid extension permission: resource://pdf.js/
1572857889743	addons.webextension.screenshots@mozilla.org	WARN	Loading extension 'screenshots@mozilla.org': Reading manifest: Invalid extension permission: about:reader*
1572857892407	Marionette	INFO	Listening on port 44189
1572857892478	Marionette	WARN	TLS certificate errors will be ignored for this session

(/usr/lib/firefox/firefox:11196): dconf-WARNING **: 08:58:16.350: Unable to open /var/lib/snapd/desktop/dconf/profile/user: Permission denied

(/usr/lib/firefox/firefox:11196): dconf-CRITICAL **: 08:58:16.351: unable to create directory '/run/user/1000/dconf': Permission denied.  dconf will not work properly.

(/usr/lib/firefox/firefox:11196): dconf-CRITICAL **: 08:58:16.351: unable to create directory '/run/user/1000/dconf': Permission denied.  dconf will not work properly.

(/usr/lib/firefox/firefox:11196): dconf-CRITICAL **: 08:58:16.357: unable to create directory '/run/user/1000/dconf': Permission denied.  dconf will not work properly.
JavaScript warning: https://z.moatads.com/dowjones8650224/moatad.js#moatClientLevel1=21603626&moatClientLevel2=2183306066&moatClientLevel3=4918024066&moatClientLevel4=138276639280&moatClientSlicer1=50396786&moatClientSlicer2=305529746&refresh=1, line 237: Error: WebGL warning: getContext: Disallowing antialiased backbuffers due to blacklisting.
JavaScript warning: https://z.moatads.com/dowjones8650224/moatad.js#moatClientLevel1=21603626&moatClientLevel2=2183306066&moatClientLevel3=4918024066&moatClientLevel4=138276639280&moatClientSlicer1=50396786&moatClientSlicer2=305529746&refresh=1, line 237: Error: WebGL warning: <SetDimensions>: Can't use WebGL in headless mode (https://bugzil.la/1375585).
JavaScript warning: https://z.moatads.com/dowjones8650224/moatad.js#moatClientLevel1=21603626&moatClientLevel2=2183306066&moatClientLevel3=4918024066&moatClientLevel4=138276639280&moatClientSlicer1=50396786&moatClientSlicer2=305529746&refresh=1, line 237: Error: WebGL warning: <SetDimensions>: Failed to create WebGL context: WebGL creation failed: 
* Can't use WebGL in headless mode (https://bugzil.la/1375585).
JavaScript warning: https://z.moatads.com/dowjones8650224/moatad.js#moatClientLevel1=21603626&moatClientLevel2=2183306066&moatClientLevel3=4918024066&moatClientLevel4=138276639280&moatClientSlicer1=50396786&moatClientSlicer2=305529746&refresh=1, line 237: Error: WebGL warning: getContext: Disallowing antialiased backbuffers due to blacklisting.
JavaScript warning: https://z.moatads.com/dowjones8650224/moatad.js#moatClientLevel1=21603626&moatClientLevel2=2183306066&moatClientLevel3=4918024066&moatClientLevel4=138276639280&moatClientSlicer1=50396786&moatClientSlicer2=305529746&refresh=1, line 237: Error: WebGL warning: <SetDimensions>: Can't use WebGL in headless mode (https://bugzil.la/1375585).
JavaScript warning: https://z.moatads.com/dowjones8650224/moatad.js#moatClientLevel1=21603626&moatClientLevel2=2183306066&moatClientLevel3=4918024066&moatClientLevel4=138276639280&moatClientSlicer1=50396786&moatClientSlicer2=305529746&refresh=1, line 237: Error: WebGL warning: <SetDimensions>: Failed to create WebGL context: WebGL creation failed: 
* Can't use WebGL in headless mode (https://bugzil.la/1375585).
JavaScript warning: https://static.adsafeprotected.com/sca.17.4.95.js, line 32: Array.slice is deprecated; use Array.prototype.slice instead
1572857956741	Marionette	INFO	Stopped listening on port 44189

###!!! [Child][MessageChannel] Error: (msgtype=0x640027,name=PNecko::Msg_RemoveRequestContext) Channel closing: too late to send/recv, messages will be lost


###!!! [Child][RunMessage] Error: Channel closing: too late to send/recv, messages will be lost


###!!! [Child][MessageChannel] Error: (msgtype=0x37011E,name=PContent::Msg_ScriptError) Channel closing: too late to send/recv, messages will be lost


###!!! [Child][MessageChannel] Error: (msgtype=0xAB0006,name=PWebSocket::Msg_DeleteSelf) Channel closing: too late to send/recv, messages will be lost


###!!! [Child][RunMessage] Error: Channel closing: too late to send/recv, messages will be lost


###!!! [Child][RunMessage] Error: Channel closing: too late to send/recv, messages will be lost

console.error: (new Error("Connection closed before committing the transaction.", "resource://gre/modules/Sqlite.jsm", 683))
1572858229476	mozrunner::runner	INFO	Running command: "/usr/bin/firefox" "-marionette" "-headless" "-foreground" "-no-remote" "-profile" "/tmp/rust_mozprofile.dPQLlDzF8keU"
*** You are running in headless mode.
1572858229934	addons.webextension.screenshots@mozilla.org	WARN	Loading extension 'screenshots@mozilla.org': Reading manifest: Invalid extension permission: mozillaAddons
1572858229934	addons.webextension.screenshots@mozilla.org	WARN	Loading extension 'screenshots@mozilla.org': Reading manifest: Invalid extension permission: telemetry
1572858229934	addons.webextension.screenshots@mozilla.org	WARN	Loading extension 'screenshots@mozilla.org': Reading manifest: Invalid extension permission: resource://pdf.js/
1572858229934	addons.webextension.screenshots@mozilla.org	WARN	Loading extension 'screenshots@mozilla.org': Reading manifest: Invalid extension permission: about:reader*
1572858232208	Marionette	INFO	Listening on port 41847
1572858232288	Marionette	WARN	TLS certificate errors will be ignored for this session

(/usr/lib/firefox/firefox:11712): dconf-WARNING **: 09:03:58.891: Unable to open /var/lib/snapd/desktop/dconf/profile/user: Permission denied
JavaScript warning: https://z.moatads.com/dowjones8650224/moatad.js#moatClientLevel1=21603626&moatClientLevel2=2183306066&moatClientLevel3=4918024066&moatClientLevel4=138276345992&moatClientSlicer1=50396786&moatClientSlicer2=305529746&refresh=1, line 237: Error: WebGL warning: getContext: Disallowing antialiased backbuffers due to blacklisting.
JavaScript warning: https://z.moatads.com/dowjones8650224/moatad.js#moatClientLevel1=21603626&moatClientLevel2=2183306066&moatClientLevel3=4918024066&moatClientLevel4=138276345992&moatClientSlicer1=50396786&moatClientSlicer2=305529746&refresh=1, line 237: Error: WebGL warning: <SetDimensions>: Can't use WebGL in headless mode (https://bugzil.la/1375585).
JavaScript warning: https://z.moatads.com/dowjones8650224/moatad.js#moatClientLevel1=21603626&moatClientLevel2=2183306066&moatClientLevel3=4918024066&moatClientLevel4=138276345992&moatClientSlicer1=50396786&moatClientSlicer2=305529746&refresh=1, line 237: Error: WebGL warning: <SetDimensions>: Failed to create WebGL context: WebGL creation failed: 
* Can't use WebGL in headless mode (https://bugzil.la/1375585).
JavaScript warning: https://z.moatads.com/dowjones8650224/moatad.js#moatClientLevel1=21603626&moatClientLevel2=2183306066&moatClientLevel3=4918024066&moatClientLevel4=138276345992&moatClientSlicer1=50396786&moatClientSlicer2=305529746&refresh=1, line 237: Error: WebGL warning: getContext: Disallowing antialiased backbuffers due to blacklisting.
JavaScript warning: https://z.moatads.com/dowjones8650224/moatad.js#moatClientLevel1=21603626&moatClientLevel2=2183306066&moatClientLevel3=4918024066&moatClientLevel4=138276345992&moatClientSlicer1=50396786&moatClientSlicer2=305529746&refresh=1, line 237: Error: WebGL warning: <SetDimensions>: Can't use WebGL in headless mode (https://bugzil.la/1375585).
JavaScript warning: https://z.moatads.com/dowjones8650224/moatad.js#moatClientLevel1=21603626&moatClientLevel2=2183306066&moatClientLevel3=4918024066&moatClientLevel4=138276345992&moatClientSlicer1=50396786&moatClientSlicer2=305529746&refresh=1, line 237: Error: WebGL warning: <SetDimensions>: Failed to create WebGL context: WebGL creation failed: 
* Can't use WebGL in headless mode (https://bugzil.la/1375585).
JavaScript warning: https://static.adsafeprotected.com/sca.17.4.95.js, line 32: Array.slice is deprecated; use Array.prototype.slice instead
JavaScript warning: https://static.adsafeprotected.com/sca.17.4.95.js, line 32: Array.slice is deprecated; use Array.prototype.slice instead
1572858298891	Marionette	INFO	Stopped listening on port 41847

###!!! [Child][MessageChannel] Error: (msgtype=0xAB0006,name=PWebSocket::Msg_DeleteSelf) Channel closing: too late to send/recv, messages will be lost


###!!! [Child][RunMessage] Error: Channel closing: too late to send/recv, messages will be lost


###!!! [Child][RunMessage] Error: Channel closing: too late to send/recv, messages will be lost


###!!! [Child][RunMessage] Error: Channel closing: too late to send/recv, messages will be lost


###!!! [Child][RunMessage] Error: Channel closing: too late to send/recv, messages will be lost

console.error: (new Error("Connection closed before committing the transaction.", "resource://gre/modules/Sqlite.jsm", 683))
1572858444834	mozrunner::runner	INFO	Running command: "/usr/bin/firefox" "-marionette" "-headless" "-foreground" "-no-remote" "-profile" "/tmp/rust_mozprofile.xSDf2szXMakW"
*** You are running in headless mode.
1572858445329	addons.webextension.screenshots@mozilla.org	WARN	Loading extension 'screenshots@mozilla.org': Reading manifest: Invalid extension permission: mozillaAddons
1572858445329	addons.webextension.screenshots@mozilla.org	WARN	Loading extension 'screenshots@mozilla.org': Reading manifest: Invalid extension permission: telemetry
1572858445330	addons.webextension.screenshots@mozilla.org	WARN	Loading extension 'screenshots@mozilla.org': Reading manifest: Invalid extension permission: resource://pdf.js/
1572858445330	addons.webextension.screenshots@mozilla.org	WARN	Loading extension 'screenshots@mozilla.org': Reading manifest: Invalid extension permission: about:reader*
1572858447589	Marionette	INFO	Listening on port 45723
1572858447642	Marionette	WARN	TLS certificate errors will be ignored for this session

(/usr/lib/firefox/firefox:12153): dconf-WARNING **: 09:07:31.227: Unable to open /var/lib/snapd/desktop/dconf/profile/user: Permission denied
JavaScript warning: https://z.moatads.com/dowjones8650224/moatad.js#moatClientLevel1=21603626&moatClientLevel2=2183306066&moatClientLevel3=5137560415&moatClientLevel4=138293252434&moatClientSlicer1=50396786&moatClientSlicer2=305529746&refresh=1, line 237: Error: WebGL warning: getContext: Disallowing antialiased backbuffers due to blacklisting.
JavaScript warning: https://z.moatads.com/dowjones8650224/moatad.js#moatClientLevel1=21603626&moatClientLevel2=2183306066&moatClientLevel3=5137560415&moatClientLevel4=138293252434&moatClientSlicer1=50396786&moatClientSlicer2=305529746&refresh=1, line 237: Error: WebGL warning: <SetDimensions>: Can't use WebGL in headless mode (https://bugzil.la/1375585).
JavaScript warning: https://z.moatads.com/dowjones8650224/moatad.js#moatClientLevel1=21603626&moatClientLevel2=2183306066&moatClientLevel3=5137560415&moatClientLevel4=138293252434&moatClientSlicer1=50396786&moatClientSlicer2=305529746&refresh=1, line 237: Error: WebGL warning: <SetDimensions>: Failed to create WebGL context: WebGL creation failed: 
* Can't use WebGL in headless mode (https://bugzil.la/1375585).
JavaScript warning: https://z.moatads.com/dowjones8650224/moatad.js#moatClientLevel1=21603626&moatClientLevel2=2183306066&moatClientLevel3=5137560415&moatClientLevel4=138293252434&moatClientSlicer1=50396786&moatClientSlicer2=305529746&refresh=1, line 237: Error: WebGL warning: getContext: Disallowing antialiased backbuffers due to blacklisting.
JavaScript warning: https://z.moatads.com/dowjones8650224/moatad.js#moatClientLevel1=21603626&moatClientLevel2=2183306066&moatClientLevel3=5137560415&moatClientLevel4=138293252434&moatClientSlicer1=50396786&moatClientSlicer2=305529746&refresh=1, line 237: Error: WebGL warning: <SetDimensions>: Can't use WebGL in headless mode (https://bugzil.la/1375585).
JavaScript warning: https://z.moatads.com/dowjones8650224/moatad.js#moatClientLevel1=21603626&moatClientLevel2=2183306066&moatClientLevel3=5137560415&moatClientLevel4=138293252434&moatClientSlicer1=50396786&moatClientSlicer2=305529746&refresh=1, line 237: Error: WebGL warning: <SetDimensions>: Failed to create WebGL context: WebGL creation failed: 
* Can't use WebGL in headless mode (https://bugzil.la/1375585).
JavaScript warning: https://static.adsafeprotected.com/sca.17.4.95.js, line 32: Array.slice is deprecated; use Array.prototype.slice instead
JavaScript warning: https://static.adsafeprotected.com/sca.17.4.95.js, line 32: Array.slice is deprecated; use Array.prototype.slice instead
1572858511270	Marionette	INFO	Stopped listening on port 45723

###!!! [Child][RunMessage] Error: Channel closing: too late to send/recv, messages will be lost

console.error: (new Error("Connection closed before committing the transaction.", "resource://gre/modules/Sqlite.jsm", 683))
1572858701363	mozrunner::runner	INFO	Running command: "/usr/bin/firefox" "-marionette" "-headless" "-foreground" "-no-remote" "-profile" "/tmp/rust_mozprofile.zTcmWimsoLz5"
*** You are running in headless mode.
1572858701831	addons.webextension.screenshots@mozilla.org	WARN	Loading extension 'screenshots@mozilla.org': Reading manifest: Invalid extension permission: mozillaAddons
1572858701831	addons.webextension.screenshots@mozilla.org	WARN	Loading extension 'screenshots@mozilla.org': Reading manifest: Invalid extension permission: telemetry
1572858701832	addons.webextension.screenshots@mozilla.org	WARN	Loading extension 'screenshots@mozilla.org': Reading manifest: Invalid extension permission: resource://pdf.js/
1572858701832	addons.webextension.screenshots@mozilla.org	WARN	Loading extension 'screenshots@mozilla.org': Reading manifest: Invalid extension permission: about:reader*
1572858704142	Marionette	INFO	Listening on port 44801
1572858704187	Marionette	WARN	TLS certificate errors will be ignored for this session

(/usr/lib/firefox/firefox:12517): dconf-WARNING **: 09:11:48.495: Unable to open /var/lib/snapd/desktop/dconf/profile/user: Permission denied
JavaScript warning: https://z.moatads.com/dowjones8650224/moatad.js#moatClientLevel1=21603626&moatClientLevel2=2183306066&moatClientLevel3=5145135737&moatClientLevel4=138287314338&moatClientSlicer1=50396786&moatClientSlicer2=305529746&refresh=1, line 237: Error: WebGL warning: getContext: Disallowing antialiased backbuffers due to blacklisting.
JavaScript warning: https://z.moatads.com/dowjones8650224/moatad.js#moatClientLevel1=21603626&moatClientLevel2=2183306066&moatClientLevel3=5145135737&moatClientLevel4=138287314338&moatClientSlicer1=50396786&moatClientSlicer2=305529746&refresh=1, line 237: Error: WebGL warning: <SetDimensions>: Can't use WebGL in headless mode (https://bugzil.la/1375585).
JavaScript warning: https://z.moatads.com/dowjones8650224/moatad.js#moatClientLevel1=21603626&moatClientLevel2=2183306066&moatClientLevel3=5145135737&moatClientLevel4=138287314338&moatClientSlicer1=50396786&moatClientSlicer2=305529746&refresh=1, line 237: Error: WebGL warning: <SetDimensions>: Failed to create WebGL context: WebGL creation failed: 
* Can't use WebGL in headless mode (https://bugzil.la/1375585).
JavaScript warning: https://z.moatads.com/dowjones8650224/moatad.js#moatClientLevel1=21603626&moatClientLevel2=2183306066&moatClientLevel3=5145135737&moatClientLevel4=138287314338&moatClientSlicer1=50396786&moatClientSlicer2=305529746&refresh=1, line 237: Error: WebGL warning: getContext: Disallowing antialiased backbuffers due to blacklisting.
JavaScript warning: https://z.moatads.com/dowjones8650224/moatad.js#moatClientLevel1=21603626&moatClientLevel2=2183306066&moatClientLevel3=5145135737&moatClientLevel4=138287314338&moatClientSlicer1=50396786&moatClientSlicer2=305529746&refresh=1, line 237: Error: WebGL warning: <SetDimensions>: Can't use WebGL in headless mode (https://bugzil.la/1375585).
JavaScript warning: https://z.moatads.com/dowjones8650224/moatad.js#moatClientLevel1=21603626&moatClientLevel2=2183306066&moatClientLevel3=5145135737&moatClientLevel4=138287314338&moatClientSlicer1=50396786&moatClientSlicer2=305529746&refresh=1, line 237: Error: WebGL warning: <SetDimensions>: Failed to create WebGL context: WebGL creation failed: 
* Can't use WebGL in headless mode (https://bugzil.la/1375585).
JavaScript warning: https://static.adsafeprotected.com/sca.17.4.95.js, line 32: Array.slice is deprecated; use Array.prototype.slice instead
JavaScript warning: https://static.adsafeprotected.com/sca.17.4.95.js, line 32: Array.slice is deprecated; use Array.prototype.slice instead
1572858768862	Marionette	INFO	Stopped listening on port 44801
console.error: (new Error("SessionFile is closed", "resource:///modules/sessionstore/SessionFile.jsm", 433))
1572858892581	mozrunner::runner	INFO	Running command: "/usr/bin/firefox" "-marionette" "-headless" "-foreground" "-no-remote" "-profile" "/tmp/rust_mozprofile.sNdd3D371NEQ"
*** You are running in headless mode.
1572858893448	addons.webextension.screenshots@mozilla.org	WARN	Loading extension 'screenshots@mozilla.org': Reading manifest: Invalid extension permission: mozillaAddons
1572858893449	addons.webextension.screenshots@mozilla.org	WARN	Loading extension 'screenshots@mozilla.org': Reading manifest: Invalid extension permission: telemetry
1572858893449	addons.webextension.screenshots@mozilla.org	WARN	Loading extension 'screenshots@mozilla.org': Reading manifest: Invalid extension permission: resource://pdf.js/
1572858893449	addons.webextension.screenshots@mozilla.org	WARN	Loading extension 'screenshots@mozilla.org': Reading manifest: Invalid extension permission: about:reader*
1572858896023	Marionette	INFO	Listening on port 42153
1572858896127	Marionette	WARN	TLS certificate errors will be ignored for this session

(/usr/lib/firefox/firefox:13036): dconf-WARNING **: 09:15:01.251: Unable to open /var/lib/snapd/desktop/dconf/profile/user: Permission denied
1572859186042	Marionette	INFO	Stopped listening on port 42153

###!!! [Child][RunMessage] Error: Channel closing: too late to send/recv, messages will be lost

1573173303707	mozrunner::runner	INFO	Running command: "/usr/bin/firefox" "-marionette" "-headless" "-foreground" "-no-remote" "-profile" "/tmp/rust_mozprofile.8KMHHsLzq2Lr"
*** You are running in headless mode.
1573173304173	addons.webextension.screenshots@mozilla.org	WARN	Loading extension 'screenshots@mozilla.org': Reading manifest: Invalid extension permission: mozillaAddons
1573173304173	addons.webextension.screenshots@mozilla.org	WARN	Loading extension 'screenshots@mozilla.org': Reading manifest: Invalid extension permission: telemetry
1573173304173	addons.webextension.screenshots@mozilla.org	WARN	Loading extension 'screenshots@mozilla.org': Reading manifest: Invalid extension permission: resource://pdf.js/
1573173304173	addons.webextension.screenshots@mozilla.org	WARN	Loading extension 'screenshots@mozilla.org': Reading manifest: Invalid extension permission: about:reader*
1573173305942	Marionette	INFO	Listening on port 39183
1573173306036	Marionette	WARN	TLS certificate errors will be ignored for this session
JavaScript warning: https://z.moatads.com/dowjones8650224/moatad.js#moatClientLevel1=58334546&moatClientLevel2=2151189546&moatClientLevel3=4435672544&moatClientLevel4=138211904686&moatClientSlicer1=50396786&moatClientSlicer2=305529746&refresh=1, line 240: Error: WebGL warning: getContext: Disallowing antialiased backbuffers due to blacklisting.
JavaScript warning: https://z.moatads.com/dowjones8650224/moatad.js#moatClientLevel1=58334546&moatClientLevel2=2151189546&moatClientLevel3=4435672544&moatClientLevel4=138211904686&moatClientSlicer1=50396786&moatClientSlicer2=305529746&refresh=1, line 240: Error: WebGL warning: <SetDimensions>: Can't use WebGL in headless mode (https://bugzil.la/1375585).
JavaScript warning: https://z.moatads.com/dowjones8650224/moatad.js#moatClientLevel1=58334546&moatClientLevel2=2151189546&moatClientLevel3=4435672544&moatClientLevel4=138211904686&moatClientSlicer1=50396786&moatClientSlicer2=305529746&refresh=1, line 240: Error: WebGL warning: <SetDimensions>: Failed to create WebGL context: WebGL creation failed: 
* Can't use WebGL in headless mode (https://bugzil.la/1375585).
JavaScript warning: https://z.moatads.com/dowjones8650224/moatad.js#moatClientLevel1=58334546&moatClientLevel2=2151189546&moatClientLevel3=4435672544&moatClientLevel4=138211904686&moatClientSlicer1=50396786&moatClientSlicer2=305529746&refresh=1, line 240: Error: WebGL warning: getContext: Disallowing antialiased backbuffers due to blacklisting.
JavaScript warning: https://z.moatads.com/dowjones8650224/moatad.js#moatClientLevel1=58334546&moatClientLevel2=2151189546&moatClientLevel3=4435672544&moatClientLevel4=138211904686&moatClientSlicer1=50396786&moatClientSlicer2=305529746&refresh=1, line 240: Error: WebGL warning: <SetDimensions>: Can't use WebGL in headless mode (https://bugzil.la/1375585).
JavaScript warning: https://z.moatads.com/dowjones8650224/moatad.js#moatClientLevel1=58334546&moatClientLevel2=2151189546&moatClientLevel3=4435672544&moatClientLevel4=138211904686&moatClientSlicer1=50396786&moatClientSlicer2=305529746&refresh=1, line 240: Error: WebGL warning: <SetDimensions>: Failed to create WebGL context: WebGL creation failed: 
* Can't use WebGL in headless mode (https://bugzil.la/1375585).
JavaScript warning: https://static.adsafeprotected.com/sca.17.4.95.js, line 32: Array.slice is deprecated; use Array.prototype.slice instead
JavaScript error: javascript: (function(){document.open();document.domain="tpc.googlesyndication.com";document.write('%3Chtml%3E%3Chead%3E%3Cscript%20type%3D%22text%2Fjavascript%22%3E(function()%7Btry%7Bwindow.%24dv%3Dwindow.%24dvbs%7C%7Cparent.%24dvbs%2Cwindow.%24dv.dvObjType%3D%22dvbs%22%7Dcatch(e)%7B%7D%7D)()%3B%3C%2Fscript%3E%3C%2Fhead%3E%3Cbody%3E%3Cscript%20type%3D%22text%2Fjavascript%22%3E(function(a)%7Bwindow.%24frmId%3DMath.random().toString(36)%2BMath.random().toString(36)%3Bfor(var%20b%3D%5B%7Bsrc%3A%22dv-match%22%2Cmain%3A6%7D%5D%2Cd%3D0%3Bd%3Cb.length%3Bd%2B%2B)%7Bvar%20f%3Db%5Bd%5D%2Ce%3Df.eval%26%26f.rate%26%26100*Math.random()%3Cf.rate%3Ff.eval%3Af.main%2Cg%3Ddocument.createElement(%22script%22)%3Bg.src%3D%22%2F%2F%22%2Ba%2B%22%2F%22%2Bf.src%2Be%2B%22.js%22%3Bg.async%3D!0%3Bdocument.body.appendChild(g)%7D%7D)(%22cdn.doubleverify.com%22)%3B%3C%2Fscript%3E%3Cscript%20type%3D%22text%2Fjavascript%22%3EsetTimeout(function()%20%7Bdocument.close()%3B%7D%2C%200)%3B%3C%2Fscript%3E%3C%2Fbody%3E%3C%2Fhtml%3E');})(), line 1: SecurityError: The operation is insecure.
1573173371196	Marionette	INFO	Stopped listening on port 39183
1579065197924	mozrunner::runner	INFO	Running command: "/usr/bin/firefox" "-marionette" "-headless" "-foreground" "-no-remote" "-profile" "/tmp/rust_mozprofile.6NmwHjLCSSzj"
*** You are running in headless mode.
1579065198280	addons.webextension.doh-rollout@mozilla.org	WARN	Loading extension 'doh-rollout@mozilla.org': Reading manifest: Invalid extension permission: networkStatus
1579065198404	addons.webextension.screenshots@mozilla.org	WARN	Loading extension 'screenshots@mozilla.org': Reading manifest: Invalid extension permission: mozillaAddons
1579065198404	addons.webextension.screenshots@mozilla.org	WARN	Loading extension 'screenshots@mozilla.org': Reading manifest: Invalid extension permission: telemetry
1579065198404	addons.webextension.screenshots@mozilla.org	WARN	Loading extension 'screenshots@mozilla.org': Reading manifest: Invalid extension permission: resource://pdf.js/
1579065198404	addons.webextension.screenshots@mozilla.org	WARN	Loading extension 'screenshots@mozilla.org': Reading manifest: Invalid extension permission: about:reader*
1579065200192	Marionette	INFO	Listening on port 45727
1579065200231	Marionette	WARN	TLS certificate errors will be ignored for this session
1579065264011	Marionette	INFO	Stopped listening on port 45727
JavaScript error: https://eus.rubiconproject.com/usync.html, line 12: SecurityError: The operation is insecure.
